2025-04-18 20:28:11,347 - INFO - Ensured directory: dataset/train/real
2025-04-18 20:28:11,348 - INFO - Ensured directory: dataset/train/deepfake
2025-04-18 20:28:11,348 - INFO - Ensured directory: dataset/val/real
2025-04-18 20:28:11,348 - INFO - Ensured directory: dataset/val/deepfake
2025-04-18 20:28:11,349 - INFO - Ensured directory: dataset/test/real
2025-04-18 20:28:11,349 - INFO - Ensured directory: dataset/test/deepfake
2025-04-18 20:28:11,349 - INFO - 🚀 Loading dataset (streaming mode)...
2025-04-18 20:28:21,864 - INFO - Loaded checkpoint: real=9715, deepfake=9576
2025-04-18 20:28:21,864 - INFO - 📊 Split max counts: real_split_max={'train': 6800, 'val': 1457, 'test': 1458} fake_split_max={'train': 6703, 'val': 1436, 'test': 1437}
2025-04-18 20:28:21,867 - INFO - 📂 Resuming from file counts: {'real': {'train': 0, 'val': 0, 'test': 0}, 'deepfake': {'train': 0, 'val': 0, 'test': 0}}
2025-04-18 20:28:48,495 - WARNING - '(ReadTimeoutError("HTTPSConnectionPool(host='huggingface.co', port=443): Read timed out. (read timeout=10)"), '(Request ID: da1bd6f6-757d-4324-a32c-2d38336b9495)')' thrown while requesting GET https://huggingface.co/datasets/prithivMLmods/Deepfake-vs-Real-v2/resolve/a3ca2f1561026edc1ecc5827064189588d5ebe5c/Deepfake/111%20%281039%29.jpg
2025-04-18 20:28:48,495 - WARNING - Retrying in 1s [Retry 1/5].
2025-04-18 20:30:45,730 - WARNING - '(ReadTimeoutError("HTTPSConnectionPool(host='huggingface.co', port=443): Read timed out. (read timeout=10)"), '(Request ID: 302c2a31-fe19-447d-8b2b-22050d7d16be)')' thrown while requesting GET https://huggingface.co/datasets/prithivMLmods/Deepfake-vs-Real-v2/resolve/a3ca2f1561026edc1ecc5827064189588d5ebe5c/Deepfake/111%20%281453%29.jpg
2025-04-18 20:30:45,731 - WARNING - Retrying in 1s [Retry 1/5].
2025-04-18 20:31:51,813 - WARNING - '(ReadTimeoutError("HTTPSConnectionPool(host='huggingface.co', port=443): Read timed out. (read timeout=10)"), '(Request ID: 023f3f29-ab12-4343-834e-7ab20bab595e)')' thrown while requesting GET https://huggingface.co/datasets/prithivMLmods/Deepfake-vs-Real-v2/resolve/a3ca2f1561026edc1ecc5827064189588d5ebe5c/Deepfake/111%20%28380%29.jpg
2025-04-18 20:31:51,814 - WARNING - Retrying in 1s [Retry 1/5].
2025-04-18 20:32:08,654 - WARNING - '(ReadTimeoutError("HTTPSConnectionPool(host='huggingface.co', port=443): Read timed out. (read timeout=10)"), '(Request ID: 4bd19504-54e1-4e43-bd7f-87e01121173a)')' thrown while requesting GET https://huggingface.co/datasets/prithivMLmods/Deepfake-vs-Real-v2/resolve/a3ca2f1561026edc1ecc5827064189588d5ebe5c/Deepfake/111%20%28415%29.jpg
2025-04-18 20:32:08,654 - WARNING - Retrying in 1s [Retry 1/5].
2025-04-18 20:32:27,709 - WARNING - '(ReadTimeoutError("HTTPSConnectionPool(host='huggingface.co', port=443): Read timed out. (read timeout=10)"), '(Request ID: 97958755-d76b-4da7-bdd1-54217bcfce76)')' thrown while requesting GET https://huggingface.co/datasets/prithivMLmods/Deepfake-vs-Real-v2/resolve/a3ca2f1561026edc1ecc5827064189588d5ebe5c/Deepfake/111%20%28428%29.jpg
2025-04-18 20:32:27,709 - WARNING - Retrying in 1s [Retry 1/5].
2025-04-18 20:33:15,764 - WARNING - '(ReadTimeoutError("HTTPSConnectionPool(host='huggingface.co', port=443): Read timed out. (read timeout=10)"), '(Request ID: 3c03fa08-5da3-4733-bf27-d15cf3496251)')' thrown while requesting GET https://huggingface.co/datasets/prithivMLmods/Deepfake-vs-Real-v2/resolve/a3ca2f1561026edc1ecc5827064189588d5ebe5c/Deepfake/111%20%28560%29.jpg
2025-04-18 20:33:15,764 - WARNING - Retrying in 1s [Retry 1/5].
2025-04-18 20:34:41,296 - WARNING - '(ReadTimeoutError("HTTPSConnectionPool(host='huggingface.co', port=443): Read timed out. (read timeout=10)"), '(Request ID: d9e5494f-c837-4ca1-b4e0-0f987b44b928)')' thrown while requesting GET https://huggingface.co/datasets/prithivMLmods/Deepfake-vs-Real-v2/resolve/a3ca2f1561026edc1ecc5827064189588d5ebe5c/Deepfake/111%20%28935%29.jpg
2025-04-18 20:34:41,296 - WARNING - Retrying in 1s [Retry 1/5].
2025-04-18 20:37:15,177 - WARNING - '(ReadTimeoutError("HTTPSConnectionPool(host='huggingface.co', port=443): Read timed out. (read timeout=10)"), '(Request ID: 4354bc41-cded-4dce-877b-873a88ee8e70)')' thrown while requesting GET https://huggingface.co/datasets/prithivMLmods/Deepfake-vs-Real-v2/resolve/a3ca2f1561026edc1ecc5827064189588d5ebe5c/Deepfake/888%20%281579%29.jpg
2025-04-18 20:37:15,178 - WARNING - Retrying in 1s [Retry 1/5].
2025-04-18 20:37:32,612 - WARNING - '(ReadTimeoutError("HTTPSConnectionPool(host='huggingface.co', port=443): Read timed out. (read timeout=10)"), '(Request ID: 60d21457-a774-49e7-b3c1-2fecb443aef2)')' thrown while requesting GET https://huggingface.co/datasets/prithivMLmods/Deepfake-vs-Real-v2/resolve/a3ca2f1561026edc1ecc5827064189588d5ebe5c/Deepfake/888%20%281616%29.jpg
2025-04-18 20:37:32,612 - WARNING - Retrying in 1s [Retry 1/5].
2025-04-18 20:42:40,313 - WARNING - '(ReadTimeoutError("HTTPSConnectionPool(host='huggingface.co', port=443): Read timed out. (read timeout=10)"), '(Request ID: 6f83ed76-eb4a-49d6-bef7-df12151ebe12)')' thrown while requesting GET https://huggingface.co/datasets/prithivMLmods/Deepfake-vs-Real-v2/resolve/a3ca2f1561026edc1ecc5827064189588d5ebe5c/Deepfake/888%20%28839%29.jpg
2025-04-18 20:42:40,313 - WARNING - Retrying in 1s [Retry 1/5].
2025-04-18 20:43:45,706 - WARNING - '(ReadTimeoutError("HTTPSConnectionPool(host='huggingface.co', port=443): Read timed out. (read timeout=10)"), '(Request ID: 2fad0c65-c529-455c-a364-ecd99c052069)')' thrown while requesting GET https://huggingface.co/datasets/prithivMLmods/Deepfake-vs-Real-v2/resolve/a3ca2f1561026edc1ecc5827064189588d5ebe5c/Deepfake/b%20%281937%29.jpg
2025-04-18 20:43:45,706 - WARNING - Retrying in 1s [Retry 1/5].
2025-04-18 20:45:15,930 - WARNING - '(ReadTimeoutError("HTTPSConnectionPool(host='huggingface.co', port=443): Read timed out. (read timeout=10)"), '(Request ID: 1c9802e0-ec3a-4740-89f0-d6d064c51f35)')' thrown while requesting GET https://huggingface.co/datasets/prithivMLmods/Deepfake-vs-Real-v2/resolve/a3ca2f1561026edc1ecc5827064189588d5ebe5c/Deepfake/b%20%282319%29.jpg
2025-04-18 20:45:15,930 - WARNING - Retrying in 1s [Retry 1/5].
2025-04-18 20:46:13,452 - WARNING - '(ReadTimeoutError("HTTPSConnectionPool(host='huggingface.co', port=443): Read timed out. (read timeout=10)"), '(Request ID: 930ce5ca-02f2-455b-be57-cee2eb228005)')' thrown while requesting GET https://huggingface.co/datasets/prithivMLmods/Deepfake-vs-Real-v2/resolve/a3ca2f1561026edc1ecc5827064189588d5ebe5c/Deepfake/b%20%282500%29.jpg
2025-04-18 20:46:13,452 - WARNING - Retrying in 1s [Retry 1/5].
2025-04-18 20:47:26,664 - WARNING - '(ReadTimeoutError("HTTPSConnectionPool(host='huggingface.co', port=443): Read timed out. (read timeout=10)"), '(Request ID: 56584390-27ba-4598-947b-3646962c5a04)')' thrown while requesting GET https://huggingface.co/datasets/prithivMLmods/Deepfake-vs-Real-v2/resolve/a3ca2f1561026edc1ecc5827064189588d5ebe5c/Deepfake/b%20%282852%29.jpg
2025-04-18 20:47:26,664 - WARNING - Retrying in 1s [Retry 1/5].
2025-04-18 20:48:30,166 - WARNING - '(ReadTimeoutError("HTTPSConnectionPool(host='huggingface.co', port=443): Read timed out. (read timeout=10)"), '(Request ID: 01a86785-7a73-455c-9eb9-a7581bdd32b2)')' thrown while requesting GET https://huggingface.co/datasets/prithivMLmods/Deepfake-vs-Real-v2/resolve/a3ca2f1561026edc1ecc5827064189588d5ebe5c/Deepfake/b%20%283081%29.jpg
2025-04-18 20:48:30,166 - WARNING - Retrying in 1s [Retry 1/5].
2025-04-18 20:50:33,998 - WARNING - '(ReadTimeoutError("HTTPSConnectionPool(host='huggingface.co', port=443): Read timed out. (read timeout=10)"), '(Request ID: 53135352-82fc-4891-8c70-14c4e0f24530)')' thrown while requesting GET https://huggingface.co/datasets/prithivMLmods/Deepfake-vs-Real-v2/resolve/a3ca2f1561026edc1ecc5827064189588d5ebe5c/Deepfake/b%20%283633%29.jpg
2025-04-18 20:50:33,998 - WARNING - Retrying in 1s [Retry 1/5].
2025-04-18 20:51:19,172 - WARNING - '(ReadTimeoutError("HTTPSConnectionPool(host='huggingface.co', port=443): Read timed out. (read timeout=10)"), '(Request ID: de03030c-1ad3-4fc9-adc3-fe8125a1a41f)')' thrown while requesting GET https://huggingface.co/datasets/prithivMLmods/Deepfake-vs-Real-v2/resolve/a3ca2f1561026edc1ecc5827064189588d5ebe5c/Deepfake/b%20%283722%29.jpg
2025-04-18 20:51:19,172 - WARNING - Retrying in 1s [Retry 1/5].
2025-04-18 20:52:26,024 - WARNING - '(ReadTimeoutError("HTTPSConnectionPool(host='huggingface.co', port=443): Read timed out. (read timeout=10)"), '(Request ID: 92bba681-9c62-4cd5-a6d3-85fa1b20f087)')' thrown while requesting GET https://huggingface.co/datasets/prithivMLmods/Deepfake-vs-Real-v2/resolve/a3ca2f1561026edc1ecc5827064189588d5ebe5c/Deepfake/b%20%283992%29.jpg
2025-04-18 20:52:26,024 - WARNING - Retrying in 1s [Retry 1/5].
2025-04-18 20:52:59,360 - WARNING - '(ReadTimeoutError("HTTPSConnectionPool(host='huggingface.co', port=443): Read timed out. (read timeout=10)"), '(Request ID: c68e0ac6-f853-4ffe-aad1-96687e9331aa)')' thrown while requesting GET https://huggingface.co/datasets/prithivMLmods/Deepfake-vs-Real-v2/resolve/a3ca2f1561026edc1ecc5827064189588d5ebe5c/Deepfake/b%20%284089%29.jpg
2025-04-18 20:52:59,360 - WARNING - Retrying in 1s [Retry 1/5].
2025-04-18 20:53:42,672 - WARNING - '(ReadTimeoutError("HTTPSConnectionPool(host='huggingface.co', port=443): Read timed out. (read timeout=10)"), '(Request ID: 277a607e-4a76-4ee8-9b7e-534f0f64aa8b)')' thrown while requesting GET https://huggingface.co/datasets/prithivMLmods/Deepfake-vs-Real-v2/resolve/a3ca2f1561026edc1ecc5827064189588d5ebe5c/Deepfake/b%20%284183%29.jpg
2025-04-18 20:53:42,672 - WARNING - Retrying in 1s [Retry 1/5].
2025-04-18 20:56:28,910 - WARNING - '(ReadTimeoutError("HTTPSConnectionPool(host='huggingface.co', port=443): Read timed out. (read timeout=10)"), '(Request ID: fb023cd8-947a-43cc-bca8-ca9e595c1c47)')' thrown while requesting GET https://huggingface.co/datasets/prithivMLmods/Deepfake-vs-Real-v2/resolve/a3ca2f1561026edc1ecc5827064189588d5ebe5c/Deepfake/b%20%284880%29.jpg
2025-04-18 20:56:28,910 - WARNING - Retrying in 1s [Retry 1/5].
2025-04-18 20:56:43,976 - WARNING - '(ReadTimeoutError("HTTPSConnectionPool(host='huggingface.co', port=443): Read timed out. (read timeout=10)"), '(Request ID: ad48f7a4-40ec-4198-9af9-0ace17b0f1cf)')' thrown while requesting GET https://huggingface.co/datasets/prithivMLmods/Deepfake-vs-Real-v2/resolve/a3ca2f1561026edc1ecc5827064189588d5ebe5c/Deepfake/b%20%284905%29.jpg
2025-04-18 20:56:43,976 - WARNING - Retrying in 1s [Retry 1/5].
2025-04-18 21:01:21,801 - WARNING - '(ReadTimeoutError("HTTPSConnectionPool(host='huggingface.co', port=443): Read timed out. (read timeout=10)"), '(Request ID: 3ff339af-4eb3-4bb0-b886-65b2b6d5b185)')' thrown while requesting GET https://huggingface.co/datasets/prithivMLmods/Deepfake-vs-Real-v2/resolve/a3ca2f1561026edc1ecc5827064189588d5ebe5c/Deepfake/bad_1978.jpg
2025-04-18 21:01:21,801 - WARNING - Retrying in 1s [Retry 1/5].
2025-04-18 21:02:46,481 - WARNING - '(ReadTimeoutError("HTTPSConnectionPool(host='huggingface.co', port=443): Read timed out. (read timeout=10)"), '(Request ID: 42aa9896-448e-4d51-8227-778576df6dfb)')' thrown while requesting GET https://huggingface.co/datasets/prithivMLmods/Deepfake-vs-Real-v2/resolve/a3ca2f1561026edc1ecc5827064189588d5ebe5c/Deepfake/bad_2363.jpg
2025-04-18 21:02:46,481 - WARNING - Retrying in 1s [Retry 1/5].
2025-04-18 21:03:45,296 - WARNING - '(ReadTimeoutError("HTTPSConnectionPool(host='huggingface.co', port=443): Read timed out. (read timeout=10)"), '(Request ID: 88f3416e-0f27-419f-a22b-b2aa22c00cf9)')' thrown while requesting GET https://huggingface.co/datasets/prithivMLmods/Deepfake-vs-Real-v2/resolve/a3ca2f1561026edc1ecc5827064189588d5ebe5c/Deepfake/bad_2471.jpg
2025-04-18 21:03:45,296 - WARNING - Retrying in 1s [Retry 1/5].
2025-04-18 21:05:25,922 - WARNING - '(ReadTimeoutError("HTTPSConnectionPool(host='huggingface.co', port=443): Read timed out. (read timeout=10)"), '(Request ID: 5c9cd779-6643-47e5-9714-6cf7845aa3d6)')' thrown while requesting GET https://huggingface.co/datasets/prithivMLmods/Deepfake-vs-Real-v2/resolve/a3ca2f1561026edc1ecc5827064189588d5ebe5c/Deepfake/bad_419.jpg
2025-04-18 21:05:25,922 - WARNING - Retrying in 1s [Retry 1/5].
2025-04-18 21:08:23,879 - WARNING - '(ReadTimeoutError("HTTPSConnectionPool(host='huggingface.co', port=443): Read timed out. (read timeout=10)"), '(Request ID: a675bee2-c403-4cba-98a5-beb85c23d2fb)')' thrown while requesting GET https://huggingface.co/datasets/prithivMLmods/Deepfake-vs-Real-v2/resolve/a3ca2f1561026edc1ecc5827064189588d5ebe5c/Real/CCO%20%281020%29.jpg
2025-04-18 21:08:23,879 - WARNING - Retrying in 1s [Retry 1/5].
2025-04-18 21:08:38,095 - WARNING - '(ReadTimeoutError("HTTPSConnectionPool(host='huggingface.co', port=443): Read timed out. (read timeout=10)"), '(Request ID: 47156983-394c-4a17-b92b-b839115d839f)')' thrown while requesting GET https://huggingface.co/datasets/prithivMLmods/Deepfake-vs-Real-v2/resolve/a3ca2f1561026edc1ecc5827064189588d5ebe5c/Real/CCO%20%281025%29.jpg
2025-04-18 21:08:38,095 - WARNING - Retrying in 1s [Retry 1/5].
2025-04-18 21:11:31,149 - WARNING - '(ReadTimeoutError("HTTPSConnectionPool(host='huggingface.co', port=443): Read timed out. (read timeout=10)"), '(Request ID: fb4eaa7a-97e0-4da2-84db-ad834ab69203)')' thrown while requesting GET https://huggingface.co/datasets/prithivMLmods/Deepfake-vs-Real-v2/resolve/a3ca2f1561026edc1ecc5827064189588d5ebe5c/Real/CCO%20%281780%29.png
2025-04-18 21:11:31,149 - WARNING - Retrying in 1s [Retry 1/5].
2025-04-18 21:12:14,432 - WARNING - '(ReadTimeoutError("HTTPSConnectionPool(host='huggingface.co', port=443): Read timed out. (read timeout=10)"), '(Request ID: 338671f1-9b6b-48c5-8193-80b78bf3585c)')' thrown while requesting GET https://huggingface.co/datasets/prithivMLmods/Deepfake-vs-Real-v2/resolve/a3ca2f1561026edc1ecc5827064189588d5ebe5c/Real/CCO%20%28183%29.jpg
2025-04-18 21:12:14,433 - WARNING - Retrying in 1s [Retry 1/5].
2025-04-18 21:12:45,304 - WARNING - '(ReadTimeoutError("HTTPSConnectionPool(host='huggingface.co', port=443): Read timed out. (read timeout=10)"), '(Request ID: ef0e83ff-8dce-4ce7-9bf9-80cae52f9168)')' thrown while requesting GET https://huggingface.co/datasets/prithivMLmods/Deepfake-vs-Real-v2/resolve/a3ca2f1561026edc1ecc5827064189588d5ebe5c/Real/CCO%20%28188%29.png
2025-04-18 21:12:45,304 - WARNING - Retrying in 1s [Retry 1/5].
2025-04-18 21:13:54,212 - WARNING - '(ReadTimeoutError("HTTPSConnectionPool(host='huggingface.co', port=443): Read timed out. (read timeout=10)"), '(Request ID: 863cc806-0726-40fb-a463-b242bf501e4b)')' thrown while requesting GET https://huggingface.co/datasets/prithivMLmods/Deepfake-vs-Real-v2/resolve/a3ca2f1561026edc1ecc5827064189588d5ebe5c/Real/CCO%20%282032%29.png
2025-04-18 21:13:54,213 - WARNING - Retrying in 1s [Retry 1/5].
2025-04-18 21:14:05,936 - WARNING - '(ReadTimeoutError("HTTPSConnectionPool(host='huggingface.co', port=443): Read timed out. (read timeout=10)"), '(Request ID: 40903002-a2d5-4f65-b89d-f8b1e6371588)')' thrown while requesting GET https://huggingface.co/datasets/prithivMLmods/Deepfake-vs-Real-v2/resolve/a3ca2f1561026edc1ecc5827064189588d5ebe5c/Real/CCO%20%282035%29.png
2025-04-18 21:14:05,936 - WARNING - Retrying in 1s [Retry 1/5].
2025-04-18 21:14:27,566 - WARNING - '(ReadTimeoutError("HTTPSConnectionPool(host='huggingface.co', port=443): Read timed out. (read timeout=10)"), '(Request ID: 59d7cccc-26f1-4e0b-8763-9f234509253f)')' thrown while requesting GET https://huggingface.co/datasets/prithivMLmods/Deepfake-vs-Real-v2/resolve/a3ca2f1561026edc1ecc5827064189588d5ebe5c/Real/CCO%20%282052%29.jpg
2025-04-18 21:14:27,566 - WARNING - Retrying in 1s [Retry 1/5].
2025-04-18 21:16:02,597 - WARNING - '(ReadTimeoutError("HTTPSConnectionPool(host='huggingface.co', port=443): Read timed out. (read timeout=10)"), '(Request ID: 405a55a0-3f1b-4fdb-801a-ee59aaeb7a06)')' thrown while requesting GET https://huggingface.co/datasets/prithivMLmods/Deepfake-vs-Real-v2/resolve/a3ca2f1561026edc1ecc5827064189588d5ebe5c/Real/CCO%20%282309%29.png
2025-04-18 21:16:02,597 - WARNING - Retrying in 1s [Retry 1/5].
2025-04-18 21:16:41,624 - WARNING - '(ReadTimeoutError("HTTPSConnectionPool(host='huggingface.co', port=443): Read timed out. (read timeout=10)"), '(Request ID: 6df88ea0-236a-40f5-a701-a2958ad39c6b)')' thrown while requesting GET https://huggingface.co/datasets/prithivMLmods/Deepfake-vs-Real-v2/resolve/a3ca2f1561026edc1ecc5827064189588d5ebe5c/Real/CCO%20%282350%29.png
2025-04-18 21:16:41,624 - WARNING - Retrying in 1s [Retry 1/5].
2025-04-18 21:22:24,289 - WARNING - '(ReadTimeoutError("HTTPSConnectionPool(host='huggingface.co', port=443): Read timed out. (read timeout=10)"), '(Request ID: 5bc125f0-040c-4a10-8276-3c4aa9be2e02)')' thrown while requesting GET https://huggingface.co/datasets/prithivMLmods/Deepfake-vs-Real-v2/resolve/a3ca2f1561026edc1ecc5827064189588d5ebe5c/Real/CCO%20%283008%29.jpg
2025-04-18 21:22:24,289 - WARNING - Retrying in 1s [Retry 1/5].
2025-04-18 21:22:53,456 - WARNING - '(ReadTimeoutError("HTTPSConnectionPool(host='huggingface.co', port=443): Read timed out. (read timeout=10)"), '(Request ID: dcda204a-e9db-4ea3-8ee7-2a78ce751f55)')' thrown while requesting GET https://huggingface.co/datasets/prithivMLmods/Deepfake-vs-Real-v2/resolve/a3ca2f1561026edc1ecc5827064189588d5ebe5c/Real/CCO%20%283068%29.jpg
2025-04-18 21:22:53,457 - WARNING - Retrying in 1s [Retry 1/5].
2025-04-18 21:27:00,986 - WARNING - '(ReadTimeoutError("HTTPSConnectionPool(host='huggingface.co', port=443): Read timed out. (read timeout=10)"), '(Request ID: 00f92f8c-6a68-45e4-92aa-145ce94569df)')' thrown while requesting GET https://huggingface.co/datasets/prithivMLmods/Deepfake-vs-Real-v2/resolve/a3ca2f1561026edc1ecc5827064189588d5ebe5c/Real/CCO%20%283623%29.png
2025-04-18 21:27:00,986 - WARNING - Retrying in 1s [Retry 1/5].
2025-04-18 21:27:49,886 - WARNING - '(ReadTimeoutError("HTTPSConnectionPool(host='huggingface.co', port=443): Read timed out. (read timeout=10)"), '(Request ID: ee25fddd-39bf-47c1-b7c7-7e55c53930d9)')' thrown while requesting GET https://huggingface.co/datasets/prithivMLmods/Deepfake-vs-Real-v2/resolve/a3ca2f1561026edc1ecc5827064189588d5ebe5c/Real/CCO%20%283713%29.png
2025-04-18 21:27:49,887 - WARNING - Retrying in 1s [Retry 1/5].
2025-04-18 21:28:14,526 - WARNING - '(ReadTimeoutError("HTTPSConnectionPool(host='huggingface.co', port=443): Read timed out. (read timeout=10)"), '(Request ID: 797fda26-ebcf-489e-af54-e80b2b2ef10e)')' thrown while requesting GET https://huggingface.co/datasets/prithivMLmods/Deepfake-vs-Real-v2/resolve/a3ca2f1561026edc1ecc5827064189588d5ebe5c/Real/CCO%20%28373%29.jpg
2025-04-18 21:28:14,526 - WARNING - Retrying in 1s [Retry 1/5].
2025-04-18 21:29:09,304 - WARNING - '(ReadTimeoutError("HTTPSConnectionPool(host='huggingface.co', port=443): Read timed out. (read timeout=10)"), '(Request ID: 5d42e741-41b5-4408-96ae-54f7af6c2871)')' thrown while requesting GET https://huggingface.co/datasets/prithivMLmods/Deepfake-vs-Real-v2/resolve/a3ca2f1561026edc1ecc5827064189588d5ebe5c/Real/CCO%20%28382%29.jpg
2025-04-18 21:29:09,304 - WARNING - Retrying in 1s [Retry 1/5].
2025-04-18 21:29:45,542 - WARNING - '(ReadTimeoutError("HTTPSConnectionPool(host='huggingface.co', port=443): Read timed out. (read timeout=10)"), '(Request ID: 1710b3c0-96c1-4624-814c-e6dd769fc3b5)')' thrown while requesting GET https://huggingface.co/datasets/prithivMLmods/Deepfake-vs-Real-v2/resolve/a3ca2f1561026edc1ecc5827064189588d5ebe5c/Real/CCO%20%283862%29.png
2025-04-18 21:29:45,542 - WARNING - Retrying in 1s [Retry 1/5].
2025-04-18 21:32:15,074 - WARNING - '(ReadTimeoutError("HTTPSConnectionPool(host='huggingface.co', port=443): Read timed out. (read timeout=10)"), '(Request ID: 40d01449-836e-42d3-9cab-76a7cdf6f3cf)')' thrown while requesting GET https://huggingface.co/datasets/prithivMLmods/Deepfake-vs-Real-v2/resolve/a3ca2f1561026edc1ecc5827064189588d5ebe5c/Real/CCO%20%284152%29.jpg
2025-04-18 21:32:15,074 - WARNING - Retrying in 1s [Retry 1/5].
2025-04-18 21:32:50,538 - WARNING - '(ReadTimeoutError("HTTPSConnectionPool(host='huggingface.co', port=443): Read timed out. (read timeout=10)"), '(Request ID: 3874c4c7-697b-4843-a70f-ea9bbc72fe72)')' thrown while requesting GET https://huggingface.co/datasets/prithivMLmods/Deepfake-vs-Real-v2/resolve/a3ca2f1561026edc1ecc5827064189588d5ebe5c/Real/CCO%20%284184%29.png
2025-04-18 21:32:50,538 - WARNING - Retrying in 1s [Retry 1/5].
2025-04-18 21:34:30,705 - WARNING - '(ReadTimeoutError("HTTPSConnectionPool(host='huggingface.co', port=443): Read timed out. (read timeout=10)"), '(Request ID: 0cbcf139-ad64-464f-b6db-9dba10adb6fe)')' thrown while requesting GET https://huggingface.co/datasets/prithivMLmods/Deepfake-vs-Real-v2/resolve/a3ca2f1561026edc1ecc5827064189588d5ebe5c/Real/CCO%20%284448%29.png
2025-04-18 21:34:30,705 - WARNING - Retrying in 1s [Retry 1/5].
2025-04-18 21:35:25,288 - WARNING - '(ReadTimeoutError("HTTPSConnectionPool(host='huggingface.co', port=443): Read timed out. (read timeout=10)"), '(Request ID: 1d10c35d-b003-4ab9-b2a5-c323bac41378)')' thrown while requesting GET https://huggingface.co/datasets/prithivMLmods/Deepfake-vs-Real-v2/resolve/a3ca2f1561026edc1ecc5827064189588d5ebe5c/Real/CCO%20%284516%29.png
2025-04-18 21:35:25,288 - WARNING - Retrying in 1s [Retry 1/5].
2025-04-18 21:35:40,091 - WARNING - '(ReadTimeoutError("HTTPSConnectionPool(host='huggingface.co', port=443): Read timed out. (read timeout=10)"), '(Request ID: f082bd23-62b2-4fab-b13a-aac2106b11bb)')' thrown while requesting GET https://huggingface.co/datasets/prithivMLmods/Deepfake-vs-Real-v2/resolve/a3ca2f1561026edc1ecc5827064189588d5ebe5c/Real/CCO%20%284531%29.jpg
2025-04-18 21:35:40,092 - WARNING - Retrying in 1s [Retry 1/5].
2025-04-18 21:36:56,717 - WARNING - '(ReadTimeoutError("HTTPSConnectionPool(host='huggingface.co', port=443): Read timed out. (read timeout=10)"), '(Request ID: e9c845c9-5110-4eb4-99e2-01a996d2c608)')' thrown while requesting GET https://huggingface.co/datasets/prithivMLmods/Deepfake-vs-Real-v2/resolve/a3ca2f1561026edc1ecc5827064189588d5ebe5c/Real/CCO%20%284724%29.png
2025-04-18 21:36:56,717 - WARNING - Retrying in 1s [Retry 1/5].
2025-04-18 21:37:21,585 - WARNING - '(ReadTimeoutError("HTTPSConnectionPool(host='huggingface.co', port=443): Read timed out. (read timeout=10)"), '(Request ID: ffb48464-8f6c-42a3-88be-883ea356e96f)')' thrown while requesting GET https://huggingface.co/datasets/prithivMLmods/Deepfake-vs-Real-v2/resolve/a3ca2f1561026edc1ecc5827064189588d5ebe5c/Real/CCO%20%284741%29.png
2025-04-18 21:37:21,585 - WARNING - Retrying in 1s [Retry 1/5].
2025-04-18 21:38:03,746 - WARNING - '(ReadTimeoutError("HTTPSConnectionPool(host='huggingface.co', port=443): Read timed out. (read timeout=10)"), '(Request ID: e467945a-732d-40c9-82ab-c27536d0b40b)')' thrown while requesting GET https://huggingface.co/datasets/prithivMLmods/Deepfake-vs-Real-v2/resolve/a3ca2f1561026edc1ecc5827064189588d5ebe5c/Real/CCO%20%284803%29.png
2025-04-18 21:38:03,747 - WARNING - Retrying in 1s [Retry 1/5].
2025-04-18 21:39:52,026 - WARNING - '(ReadTimeoutError("HTTPSConnectionPool(host='huggingface.co', port=443): Read timed out. (read timeout=10)"), '(Request ID: 2056a1d5-5968-4cbe-9911-b5e85ab41d7d)')' thrown while requesting GET https://huggingface.co/datasets/prithivMLmods/Deepfake-vs-Real-v2/resolve/a3ca2f1561026edc1ecc5827064189588d5ebe5c/Real/CCO%20%285032%29.jpg
2025-04-18 21:39:52,026 - WARNING - Retrying in 1s [Retry 1/5].
2025-04-18 21:40:13,314 - WARNING - '(ReadTimeoutError("HTTPSConnectionPool(host='huggingface.co', port=443): Read timed out. (read timeout=10)"), '(Request ID: 7ffed47b-48f0-47b4-a407-5e34fdf9e146)')' thrown while requesting GET https://huggingface.co/datasets/prithivMLmods/Deepfake-vs-Real-v2/resolve/a3ca2f1561026edc1ecc5827064189588d5ebe5c/Real/CCO%20%285043%29.png
2025-04-18 21:40:13,314 - WARNING - Retrying in 1s [Retry 1/5].
2025-04-18 21:43:25,712 - WARNING - '(ReadTimeoutError("HTTPSConnectionPool(host='huggingface.co', port=443): Read timed out. (read timeout=10)"), '(Request ID: d5276511-021c-4b9d-8490-d4230d5f6137)')' thrown while requesting GET https://huggingface.co/datasets/prithivMLmods/Deepfake-vs-Real-v2/resolve/a3ca2f1561026edc1ecc5827064189588d5ebe5c/Real/CCO%20%28537%29.png
2025-04-18 21:43:25,713 - WARNING - Retrying in 1s [Retry 1/5].
2025-04-18 21:44:25,665 - WARNING - '(ReadTimeoutError("HTTPSConnectionPool(host='huggingface.co', port=443): Read timed out. (read timeout=10)"), '(Request ID: b33ab8d9-cc60-4232-b059-95b8d6a0da03)')' thrown while requesting GET https://huggingface.co/datasets/prithivMLmods/Deepfake-vs-Real-v2/resolve/a3ca2f1561026edc1ecc5827064189588d5ebe5c/Real/CCO%20%28607%29.png
2025-04-18 21:44:25,665 - WARNING - Retrying in 1s [Retry 1/5].
2025-04-18 21:45:25,663 - WARNING - '(ReadTimeoutError("HTTPSConnectionPool(host='huggingface.co', port=443): Read timed out. (read timeout=10)"), '(Request ID: bdce834f-e64d-423a-813e-3f60ad118de0)')' thrown while requesting GET https://huggingface.co/datasets/prithivMLmods/Deepfake-vs-Real-v2/resolve/a3ca2f1561026edc1ecc5827064189588d5ebe5c/Real/CCO%20%28679%29.jpg
2025-04-18 21:45:25,663 - WARNING - Retrying in 1s [Retry 1/5].
2025-04-18 21:47:23,299 - INFO - ✅ All splits complete.
2025-04-18 21:47:23,301 - INFO - ✅ Final counts: {'real': {'train': 6800, 'val': 1457, 'test': 1458}, 'deepfake': {'train': 6703, 'val': 1436, 'test': 1437}}
